<?xml version="1.0" encoding="UTF-8"?>
<!-- Generated by org.testng.reporters.JUnitReportReporter -->
<testsuite hostname="PUNITP327515L" failures="0" tests="2" name="FW24.Tests.ErrorValidation" time="18.763" errors="0" timestamp="2023-12-29T16:49:03 IST" skipped="0">
  <testcase classname="FW24.Tests.ErrorValidation" name="loginErrorValidation" time="7.676"/>
  <testcase classname="FW24.Tests.ErrorValidation" name="cartProductErrorValidation" time="11.087"/>
</testsuite> <!-- FW24.Tests.ErrorValidation -->
