<?xml version="1.0" encoding="UTF-8"?>
<!-- Generated by org.testng.reporters.JUnitReportReporter -->
<testsuite hostname="PUNITP327515L" failures="0" tests="3" name="FW24.Tests.SubmitOrderTests" time="56.291" errors="0" timestamp="2024-01-05T16:54:30 IST" skipped="0">
  <testcase classname="FW24.Tests.SubmitOrderTests" name="submitOrder" time="22.256"/>
  <testcase classname="FW24.Tests.SubmitOrderTests" name="orderHistory" time="16.889"/>
  <testcase classname="FW24.Tests.SubmitOrderTests" name="submitOrder" time="17.146"/>
</testsuite> <!-- FW24.Tests.SubmitOrderTests -->
