<?xml version="1.0" encoding="UTF-8"?>
<!-- Generated by org.testng.reporters.JUnitReportReporter -->
<testsuite hostname="PUNITP327515L" failures="0" tests="1" name="FW24.Tests.SubmitOrder" time="12.746" errors="0" timestamp="2023-12-29T15:06:16 IST" skipped="0">
  <testcase classname="FW24.Tests.SubmitOrder" name="submitOrder" time="12.746"/>
</testsuite> <!-- FW24.Tests.SubmitOrder -->
