<?xml version="1.0" encoding="UTF-8"?>
<!-- Generated by org.testng.reporters.JUnitReportReporter -->
<testsuite hostname="PUNITP327515L" failures="0" tests="2" name="FW24.Tests.ErrorValidationTests" time="19.286" errors="0" timestamp="2024-01-14T21:44:52 IST" skipped="0">
  <testcase classname="FW24.Tests.ErrorValidationTests" name="loginErrorValidation" time="6.863"/>
  <testcase classname="FW24.Tests.ErrorValidationTests" name="cartProductErrorValidation" time="12.423"/>
</testsuite> <!-- FW24.Tests.ErrorValidationTests -->
